Arguments: 
  C:\Sofware\nodejs\node.exe C:\Program Files (x86)\Yarn\bin\yarn.js add app3.css

PATH: 
  C:\Sofware\Cmder\vendor\git-for-windows\mingw64\bin;C:\Sofware\Cmder\vendor\git-for-windows\usr\bin;C:\Users\14344\bin;C:\Program Files\Java\jdk-13.0.2\bin;C:\ProgramData\Oracle\Java\javapath;C:\Windows\system32;C:\Windows;C:\Windows\System32\Wbem;C:\Windows\System32\WindowsPowerShell\v1.0;C:\Windows\System32\OpenSSH;C:\Sofware\apache-maven-3.6.3\bin;C:\Program Files\Git\cmd;C:\Program Files\Calibre2;C:\Users\14344\AppData\Local\Programs\Microsoft VS Code\bin;C:\Program Files\PuTTY;C:\Sofware\nodejs;C:\Program Files (x86)\Yarn\bin;C:\Sofware\hugo;C:\Program Files\Docker\Docker\resources\bin;C:\ProgramData\DockerDesktop\version-bin;C:\Program Files\dotnet;C:\Sofware\mpv;C:\Users\14344\AppData\Local\Microsoft\WindowsApps;C:\Users\14344\AppData\Local\Programs\Microsoft VS Code\bin;C:\Users\14344\AppData\Roaming\npm;C:\Users\14344\AppData\Local\Yarn\bin

Yarn version: 
  1.22.0

Node version: 
  8.17.0

Platform: 
  win32 x64

Trace: 
  Error: https://registry.npm.taobao.org/app3.css: Not found
      at Request.params.callback [as _callback] (C:\Program Files (x86)\Yarn\lib\cli.js:66084:18)
      at Request.self.callback (C:\Program Files (x86)\Yarn\lib\cli.js:140727:22)
      at emitTwo (events.js:126:13)
      at Request.emit (events.js:214:7)
      at Request.<anonymous> (C:\Program Files (x86)\Yarn\lib\cli.js:141699:10)
      at emitOne (events.js:116:13)
      at Request.emit (events.js:211:7)
      at IncomingMessage.<anonymous> (C:\Program Files (x86)\Yarn\lib\cli.js:141621:12)
      at Object.onceWrapper (events.js:313:30)
      at emitNone (events.js:111:20)

npm manifest: 
  {
    "name": "mvc-demo",
    "version": "1.0.0",
    "main": "index.js",
    "license": "MIT",
    "dependencies": {
      "jquery": "^3.4.1"
    }
  }

yarn manifest: 
  No manifest

Lockfile: 
  # THIS IS AN AUTOGENERATED FILE. DO NOT EDIT THIS FILE DIRECTLY.
  # yarn lockfile v1
  
  
  jquery@^3.4.1:
    version "3.4.1"
    resolved "https://registry.npm.taobao.org/jquery/download/jquery-3.4.1.tgz#714f1f8d9dde4bdfa55764ba37ef214630d80ef2"
    integrity sha1-cU8fjZ3eS9+lV2S6N+8hRjDYDvI=
